<?xml version="1.0" encoding="UTF-8"?>
<!-- Generated by org.testng.reporters.JUnitXMLReporter -->
<testsuite ignored="0" hostname="Mickey" failures="0" tests="3" name="Default test" time="16.873" errors="0" timestamp="2026-04-16T18:52:56 IST">
  <testcase classname="com.srm.hackathon.flightbook.tests.RouteSearchTest" name="verifyDifferentRouteSearch" time="2.186"/>
  <testcase classname="com.srm.hackathon.flightbook.tests.RouteSearchTest" name="verifyDifferentRouteSearch" time="1.081"/>
  <testcase classname="com.srm.hackathon.flightbook.tests.RouteSearchTest" name="verifyDifferentRouteSearch" time="1.698"/>
</testsuite> <!-- Default test -->
