<?xml version="1.0" encoding="UTF-8"?>
<testng-results ignored="0" total="6" passed="6" failed="0" skipped="0">
  <reporter-output>
  </reporter-output>
  <suite started-at="2026-04-16T18:16:08 IST" name="FlightBook Suite" finished-at="2026-04-16T18:16:48 IST" duration-ms="40684">
    <groups>
    </groups>
    <test started-at="2026-04-16T18:16:08 IST" name="Flight Search Test" finished-at="2026-04-16T18:16:48 IST" duration-ms="40684">
      <class name="com.srm.hackathon.flightbook.tests.FlightSearchTest">
        <test-method is-config="true" signature="setUp()[pri:0, instance:com.srm.hackathon.flightbook.tests.FlightSearchTest@76505305]" started-at="2026-04-16T18:16:08 IST" name="setUp" finished-at="2026-04-16T18:16:13 IST" duration-ms="5395" status="PASS">
          <reporter-output>
          </reporter-output>
        </test-method> <!-- setUp -->
        <test-method signature="verifyFlightDetailsInTable()[pri:0, instance:com.srm.hackathon.flightbook.tests.FlightSearchTest@76505305]" started-at="2026-04-16T18:16:13 IST" name="verifyFlightDetailsInTable" finished-at="2026-04-16T18:16:16 IST" duration-ms="3152" status="PASS">
          <reporter-output>
          </reporter-output>
        </test-method> <!-- verifyFlightDetailsInTable -->
        <test-method is-config="true" signature="tearDown()[pri:0, instance:com.srm.hackathon.flightbook.tests.FlightSearchTest@76505305]" started-at="2026-04-16T18:16:16 IST" name="tearDown" finished-at="2026-04-16T18:16:17 IST" duration-ms="269" status="PASS">
          <reporter-output>
          </reporter-output>
        </test-method> <!-- tearDown -->
        <test-method is-config="true" signature="setUp()[pri:0, instance:com.srm.hackathon.flightbook.tests.FlightSearchTest@76505305]" started-at="2026-04-16T18:16:17 IST" name="setUp" finished-at="2026-04-16T18:16:22 IST" duration-ms="5798" status="PASS">
          <reporter-output>
          </reporter-output>
        </test-method> <!-- setUp -->
        <test-method signature="verifyFlightSearchLoadsResults()[pri:0, instance:com.srm.hackathon.flightbook.tests.FlightSearchTest@76505305]" started-at="2026-04-16T18:16:22 IST" name="verifyFlightSearchLoadsResults" finished-at="2026-04-16T18:16:24 IST" duration-ms="1526" status="PASS">
          <reporter-output>
          </reporter-output>
        </test-method> <!-- verifyFlightSearchLoadsResults -->
        <test-method is-config="true" signature="tearDown()[pri:0, instance:com.srm.hackathon.flightbook.tests.FlightSearchTest@76505305]" started-at="2026-04-16T18:16:24 IST" name="tearDown" finished-at="2026-04-16T18:16:24 IST" duration-ms="178" status="PASS">
          <reporter-output>
          </reporter-output>
        </test-method> <!-- tearDown -->
        <test-method is-config="true" signature="setUp()[pri:0, instance:com.srm.hackathon.flightbook.tests.FlightSearchTest@76505305]" started-at="2026-04-16T18:16:24 IST" name="setUp" finished-at="2026-04-16T18:16:27 IST" duration-ms="3394" status="PASS">
          <reporter-output>
          </reporter-output>
        </test-method> <!-- setUp -->
        <test-method signature="verifySameCitySelectionNotSupported()[pri:0, instance:com.srm.hackathon.flightbook.tests.FlightSearchTest@76505305]" started-at="2026-04-16T18:16:27 IST" name="verifySameCitySelectionNotSupported" finished-at="2026-04-16T18:16:28 IST" duration-ms="404" status="PASS">
          <reporter-output>
          </reporter-output>
        </test-method> <!-- verifySameCitySelectionNotSupported -->
        <test-method is-config="true" signature="tearDown()[pri:0, instance:com.srm.hackathon.flightbook.tests.FlightSearchTest@76505305]" started-at="2026-04-16T18:16:28 IST" name="tearDown" finished-at="2026-04-16T18:16:28 IST" duration-ms="171" status="PASS">
          <reporter-output>
          </reporter-output>
        </test-method> <!-- tearDown -->
      </class> <!-- com.srm.hackathon.flightbook.tests.FlightSearchTest -->
      <class name="com.srm.hackathon.flightbook.tests.FlightSelectionTest">
        <test-method is-config="true" signature="setUp()[pri:0, instance:com.srm.hackathon.flightbook.tests.FlightSelectionTest@40a4337a]" started-at="2026-04-16T18:16:28 IST" name="setUp" finished-at="2026-04-16T18:16:31 IST" duration-ms="2624" status="PASS">
          <reporter-output>
          </reporter-output>
        </test-method> <!-- setUp -->
        <test-method signature="verifyFlightSelectionAndDetails()[pri:0, instance:com.srm.hackathon.flightbook.tests.FlightSelectionTest@40a4337a]" started-at="2026-04-16T18:16:31 IST" name="verifyFlightSelectionAndDetails" finished-at="2026-04-16T18:16:33 IST" duration-ms="2614" status="PASS">
          <reporter-output>
          </reporter-output>
        </test-method> <!-- verifyFlightSelectionAndDetails -->
        <test-method is-config="true" signature="tearDown()[pri:0, instance:com.srm.hackathon.flightbook.tests.FlightSelectionTest@40a4337a]" started-at="2026-04-16T18:16:33 IST" name="tearDown" finished-at="2026-04-16T18:16:34 IST" duration-ms="205" status="PASS">
          <reporter-output>
          </reporter-output>
        </test-method> <!-- tearDown -->
      </class> <!-- com.srm.hackathon.flightbook.tests.FlightSelectionTest -->
      <class name="com.srm.hackathon.flightbook.tests.PurchaseTest">
        <test-method is-config="true" signature="setUp()[pri:0, instance:com.srm.hackathon.flightbook.tests.PurchaseTest@6025e1b6]" started-at="2026-04-16T18:16:34 IST" name="setUp" finished-at="2026-04-16T18:16:37 IST" duration-ms="3672" status="PASS">
          <reporter-output>
          </reporter-output>
        </test-method> <!-- setUp -->
        <test-method signature="verifyPurchaseWithValidData()[pri:0, instance:com.srm.hackathon.flightbook.tests.PurchaseTest@6025e1b6]" started-at="2026-04-16T18:16:37 IST" name="verifyPurchaseWithValidData" finished-at="2026-04-16T18:16:42 IST" duration-ms="4512" status="PASS">
          <reporter-output>
          </reporter-output>
        </test-method> <!-- verifyPurchaseWithValidData -->
        <test-method is-config="true" signature="tearDown()[pri:0, instance:com.srm.hackathon.flightbook.tests.PurchaseTest@6025e1b6]" started-at="2026-04-16T18:16:42 IST" name="tearDown" finished-at="2026-04-16T18:16:42 IST" duration-ms="233" status="PASS">
          <reporter-output>
          </reporter-output>
        </test-method> <!-- tearDown -->
        <test-method is-config="true" signature="setUp()[pri:0, instance:com.srm.hackathon.flightbook.tests.PurchaseTest@6025e1b6]" started-at="2026-04-16T18:16:42 IST" name="setUp" finished-at="2026-04-16T18:16:45 IST" duration-ms="3085" status="PASS">
          <reporter-output>
          </reporter-output>
        </test-method> <!-- setUp -->
        <test-method signature="verifyPurchaseWithoutFillingForm()[pri:0, instance:com.srm.hackathon.flightbook.tests.PurchaseTest@6025e1b6]" started-at="2026-04-16T18:16:45 IST" name="verifyPurchaseWithoutFillingForm" finished-at="2026-04-16T18:16:48 IST" duration-ms="3170" status="PASS">
          <reporter-output>
          </reporter-output>
        </test-method> <!-- verifyPurchaseWithoutFillingForm -->
        <test-method is-config="true" signature="tearDown()[pri:0, instance:com.srm.hackathon.flightbook.tests.PurchaseTest@6025e1b6]" started-at="2026-04-16T18:16:48 IST" name="tearDown" finished-at="2026-04-16T18:16:48 IST" duration-ms="209" status="PASS">
          <reporter-output>
          </reporter-output>
        </test-method> <!-- tearDown -->
      </class> <!-- com.srm.hackathon.flightbook.tests.PurchaseTest -->
    </test> <!-- Flight Search Test -->
  </suite> <!-- FlightBook Suite -->
</testng-results>
