<?xml version="1.0" encoding="UTF-8"?>
<testng-results ignored="0" total="1" passed="1" failed="0" skipped="0">
  <reporter-output>
  </reporter-output>
  <suite started-at="2026-04-16T18:06:16 IST" name="FlightBook Suite" finished-at="2026-04-16T18:06:27 IST" duration-ms="11348">
    <groups>
    </groups>
    <test started-at="2026-04-16T18:06:16 IST" name="Flight Search Test" finished-at="2026-04-16T18:06:27 IST" duration-ms="11348">
      <class name="com.srm.hackathon.flightbook.tests.FlightSelectionTest">
        <test-method is-config="true" signature="setUp()[pri:0, instance:com.srm.hackathon.flightbook.tests.FlightSelectionTest@47eaca72]" started-at="2026-04-16T18:06:16 IST" name="setUp" finished-at="2026-04-16T18:06:21 IST" duration-ms="5068" status="PASS">
          <reporter-output>
          </reporter-output>
        </test-method> <!-- setUp -->
        <test-method signature="verifyFlightSelectionAndDetails()[pri:0, instance:com.srm.hackathon.flightbook.tests.FlightSelectionTest@47eaca72]" started-at="2026-04-16T18:06:21 IST" name="verifyFlightSelectionAndDetails" finished-at="2026-04-16T18:06:27 IST" duration-ms="5794" status="PASS">
          <reporter-output>
          </reporter-output>
        </test-method> <!-- verifyFlightSelectionAndDetails -->
        <test-method is-config="true" signature="tearDown()[pri:0, instance:com.srm.hackathon.flightbook.tests.FlightSelectionTest@47eaca72]" started-at="2026-04-16T18:06:27 IST" name="tearDown" finished-at="2026-04-16T18:06:27 IST" duration-ms="293" status="PASS">
          <reporter-output>
          </reporter-output>
        </test-method> <!-- tearDown -->
      </class> <!-- com.srm.hackathon.flightbook.tests.FlightSelectionTest -->
    </test> <!-- Flight Search Test -->
  </suite> <!-- FlightBook Suite -->
</testng-results>
