<?xml version="1.0" encoding="UTF-8"?>
<!-- Generated by org.testng.reporters.JUnitReportReporter -->
<testsuite hostname="Mickey" failures="0" tests="2" name="com.srm.hackathon.flightbook.tests.PurchaseTest" time="21.170" errors="0" timestamp="2026-04-16T19:03:21 IST" skipped="0">
  <testcase classname="com.srm.hackathon.flightbook.tests.PurchaseTest" name="verifyPurchaseWithoutFillingForm" time="9.106"/>
  <testcase classname="com.srm.hackathon.flightbook.tests.PurchaseTest" name="verifyPurchaseWithValidData" time="12.064"/>
</testsuite> <!-- com.srm.hackathon.flightbook.tests.PurchaseTest -->
