<?xml version="1.0" encoding="UTF-8"?>
<!-- Generated by org.testng.reporters.JUnitReportReporter -->
<testsuite hostname="Mickey" failures="0" tests="3" name="com.srm.hackathon.flightbook.tests.FlightSearchTest" time="57.143" errors="0" timestamp="2026-04-16T16:36:43 IST" skipped="0">
  <testcase classname="com.srm.hackathon.flightbook.tests.FlightSearchTest" name="verifySameCitySelectionNotSupported" time="12.941"/>
  <testcase classname="com.srm.hackathon.flightbook.tests.FlightSearchTest" name="verifyFlightSearchLoadsResults" time="22.430"/>
  <testcase classname="com.srm.hackathon.flightbook.tests.FlightSearchTest" name="verifyFlightDetailsInTable" time="21.772"/>
</testsuite> <!-- com.srm.hackathon.flightbook.tests.FlightSearchTest -->
