<?xml version="1.0" encoding="UTF-8"?>
<!-- Generated by org.testng.reporters.JUnitReportReporter -->
<testsuite hostname="Mickey" failures="0" tests="1" name="com.srm.hackathon.flightbook.tests.FlightSelectionTest" time="13.004" errors="0" timestamp="2026-04-16T19:03:21 IST" skipped="0">
  <testcase classname="com.srm.hackathon.flightbook.tests.FlightSelectionTest" name="verifyFlightSelectionAndDetails" time="13.004"/>
</testsuite> <!-- com.srm.hackathon.flightbook.tests.FlightSelectionTest -->
