<?xml version="1.0" encoding="UTF-8"?>
<!-- Generated by org.testng.reporters.JUnitReportReporter -->
<testsuite hostname="Mickey" failures="0" tests="3" name="com.srm.hackathon.flightbook.tests.ValidationTest" time="34.729" errors="0" timestamp="2026-04-16T19:03:21 IST" skipped="0">
  <testcase classname="com.srm.hackathon.flightbook.tests.ValidationTest" name="verifySubmissionWithEmptyForm" time="14.770"/>
  <testcase classname="com.srm.hackathon.flightbook.tests.ValidationTest" name="verifySubmissionWithEmptyName" time="10.237"/>
  <testcase classname="com.srm.hackathon.flightbook.tests.ValidationTest" name="verifySubmissionWithInvalidCard" time="9.722"/>
</testsuite> <!-- com.srm.hackathon.flightbook.tests.ValidationTest -->
