<?xml version="1.0" encoding="UTF-8"?>
<!-- Generated by org.testng.reporters.JUnitReportReporter -->
<testsuite hostname="Mickey" failures="0" tests="3" name="com.srm.hackathon.flightbook.tests.FlightSearchTest" time="22.939" errors="0" timestamp="2026-04-16T19:03:21 IST" skipped="0">
  <testcase classname="com.srm.hackathon.flightbook.tests.FlightSearchTest" name="verifyFlightSearchLoadsResults" time="8.053"/>
  <testcase classname="com.srm.hackathon.flightbook.tests.FlightSearchTest" name="verifyFlightDetailsInTable" time="8.620"/>
  <testcase classname="com.srm.hackathon.flightbook.tests.FlightSearchTest" name="verifySameCitySelectionNotSupported" time="6.266"/>
</testsuite> <!-- com.srm.hackathon.flightbook.tests.FlightSearchTest -->
