<?xml version="1.0" encoding="UTF-8"?>
<!-- Generated by org.testng.reporters.JUnitReportReporter -->
<testsuite hostname="Mickey" failures="0" tests="2" name="com.srm.hackathon.flightbook.tests.PurchaseTest" time="14.881" errors="0" timestamp="2026-04-16T18:16:49 IST" skipped="0">
  <testcase classname="com.srm.hackathon.flightbook.tests.PurchaseTest" name="verifyPurchaseWithValidData" time="7.830"/>
  <testcase classname="com.srm.hackathon.flightbook.tests.PurchaseTest" name="verifyPurchaseWithoutFillingForm" time="7.051"/>
</testsuite> <!-- com.srm.hackathon.flightbook.tests.PurchaseTest -->
