<?xml version="1.0" encoding="UTF-8"?>
<!-- Generated by org.testng.reporters.JUnitReportReporter -->
<testsuite hostname="Mickey" failures="0" tests="3" name="com.srm.hackathon.flightbook.tests.RouteSearchTest" time="26.365" errors="0" timestamp="2026-04-16T19:03:21 IST" skipped="0">
  <testcase classname="com.srm.hackathon.flightbook.tests.RouteSearchTest" name="verifyDifferentRouteSearch" time="10.194"/>
  <testcase classname="com.srm.hackathon.flightbook.tests.RouteSearchTest" name="verifyDifferentRouteSearch" time="8.840"/>
  <testcase classname="com.srm.hackathon.flightbook.tests.RouteSearchTest" name="verifyDifferentRouteSearch" time="7.331"/>
</testsuite> <!-- com.srm.hackathon.flightbook.tests.RouteSearchTest -->
