<?xml version="1.0" encoding="UTF-8"?>
<!-- Generated by org.testng.reporters.JUnitXMLReporter -->
<testsuite ignored="0" hostname="Mickey" failures="0" tests="6" name="Flight Search Test" time="40.684" errors="0" timestamp="2026-04-16T18:16:48 IST">
  <testcase classname="com.srm.hackathon.flightbook.tests.FlightSearchTest" name="verifyFlightDetailsInTable" time="3.152"/>
  <testcase classname="com.srm.hackathon.flightbook.tests.FlightSearchTest" name="verifyFlightSearchLoadsResults" time="1.526"/>
  <testcase classname="com.srm.hackathon.flightbook.tests.FlightSearchTest" name="verifySameCitySelectionNotSupported" time="0.404"/>
  <testcase classname="com.srm.hackathon.flightbook.tests.FlightSelectionTest" name="verifyFlightSelectionAndDetails" time="2.614"/>
  <testcase classname="com.srm.hackathon.flightbook.tests.PurchaseTest" name="verifyPurchaseWithValidData" time="4.512"/>
  <testcase classname="com.srm.hackathon.flightbook.tests.PurchaseTest" name="verifyPurchaseWithoutFillingForm" time="3.17"/>
</testsuite> <!-- Flight Search Test -->
