<?xml version="1.0" encoding="UTF-8"?>
<!-- Generated by org.testng.reporters.JUnitXMLReporter -->
<testsuite ignored="0" hostname="Mickey" failures="1" tests="3" name="Flight Search Test" time="18.251" errors="0" timestamp="2026-04-16T18:36:59 IST">
  <testcase classname="com.srm.hackathon.flightbook.tests.FlightSearchTest" name="verifyFlightDetailsInTable" time="1.54"/>
  <testcase classname="com.srm.hackathon.flightbook.tests.FlightSearchTest" name="verifyFlightSearchLoadsResults" time="1.609"/>
  <testcase classname="com.srm.hackathon.flightbook.tests.FlightSearchTest" name="verifySameCitySelectionNotSupported" time="0.414">
    <failure type="java.lang.AssertionError" message="Same city selection should not be possible in this application expected [true] but found [false]">
      <![CDATA[java.lang.AssertionError: Same city selection should not be possible in this application expected [true] but found [false]
at com.srm.hackathon.flightbook.tests.FlightSearchTest.verifySameCitySelectionNotSupported(FlightSearchTest.java:52)
at java.base/java.util.ArrayList.forEach(ArrayList.java:1511)
at java.base/java.util.concurrent.FutureTask.run(FutureTask.java:264)
at java.base/java.util.concurrent.ThreadPoolExecutor.runWorker(ThreadPoolExecutor.java:1136)
at java.base/java.util.concurrent.ThreadPoolExecutor$Worker.run(ThreadPoolExecutor.java:635)
at java.base/java.lang.Thread.run(Thread.java:842)
... Removed 20 stack frames]]>
    </failure>
  </testcase> <!-- verifySameCitySelectionNotSupported -->
</testsuite> <!-- Flight Search Test -->
