<?xml version="1.0" encoding="UTF-8"?>
<!-- Generated by org.testng.reporters.JUnitXMLReporter -->
<testsuite ignored="0" hostname="Mickey" failures="0" tests="2" name="Purchase Test" time="21.252" errors="0" timestamp="2026-04-16T19:03:07 IST">
  <testcase classname="com.srm.hackathon.flightbook.tests.PurchaseTest" name="verifyPurchaseWithValidData" time="4.914"/>
  <testcase classname="com.srm.hackathon.flightbook.tests.PurchaseTest" name="verifyPurchaseWithoutFillingForm" time="6.315"/>
</testsuite> <!-- Purchase Test -->
