<?xml version="1.0" encoding="UTF-8"?>
<!-- Generated by org.testng.reporters.JUnitXMLReporter -->
<testsuite ignored="0" hostname="Mickey" failures="0" tests="3" name="RouteSearch Test" time="26.459" errors="0" timestamp="2026-04-16T19:03:12 IST">
  <testcase classname="com.srm.hackathon.flightbook.tests.RouteSearchTest" name="verifyDifferentRouteSearch" time="2.627"/>
  <testcase classname="com.srm.hackathon.flightbook.tests.RouteSearchTest" name="verifyDifferentRouteSearch" time="1.307"/>
  <testcase classname="com.srm.hackathon.flightbook.tests.RouteSearchTest" name="verifyDifferentRouteSearch" time="1.28"/>
</testsuite> <!-- RouteSearch Test -->
