<?xml version="1.0" encoding="UTF-8"?>
<!-- Generated by org.testng.reporters.JUnitXMLReporter -->
<testsuite ignored="0" hostname="Mickey" failures="0" tests="3" name="Validation Test" time="34.809" errors="0" timestamp="2026-04-16T19:03:20 IST">
  <testcase classname="com.srm.hackathon.flightbook.tests.ValidationTest" name="verifySubmissionWithEmptyForm" time="7.39"/>
  <testcase classname="com.srm.hackathon.flightbook.tests.ValidationTest" name="verifySubmissionWithEmptyName" time="6.573"/>
  <testcase classname="com.srm.hackathon.flightbook.tests.ValidationTest" name="verifySubmissionWithInvalidCard" time="6.725"/>
</testsuite> <!-- Validation Test -->
